<?xml version="1.0" encoding="UTF-8"?>
<testsuite xmlns:xsi="http://www.w3.org/2001/XMLSchema-instance" xsi:noNamespaceSchemaLocation="https://maven.apache.org/surefire/maven-surefire-plugin/xsd/surefire-test-report-3.0.xsd" version="3.0" name="com.example.sonar.QualityIssuesExampleTest" time="0.123" tests="7" errors="0" skipped="0" failures="1">
  <properties>
    <property name="java.specification.version" value="21"/>
    <property name="sun.cpu.isalist" value="amd64"/>
    <property name="sun.jnu.encoding" value="Cp1252"/>
    <property name="java.class.path" value="D:\Universidad\Octavo Semestre\QA\SonnarCloud_QA\sonar-taller\target\test-classes;D:\Universidad\Octavo Semestre\QA\SonnarCloud_QA\sonar-taller\target\classes;C:\Users\Julián\.m2\repository\org\junit\jupiter\junit-jupiter\5.10.0\junit-jupiter-5.10.0.jar;C:\Users\Julián\.m2\repository\org\junit\jupiter\junit-jupiter-api\5.10.0\junit-jupiter-api-5.10.0.jar;C:\Users\Julián\.m2\repository\org\opentest4j\opentest4j\1.3.0\opentest4j-1.3.0.jar;C:\Users\Julián\.m2\repository\org\junit\platform\junit-platform-commons\1.10.0\junit-platform-commons-1.10.0.jar;C:\Users\Julián\.m2\repository\org\apiguardian\apiguardian-api\1.1.2\apiguardian-api-1.1.2.jar;C:\Users\Julián\.m2\repository\org\junit\jupiter\junit-jupiter-params\5.10.0\junit-jupiter-params-5.10.0.jar;C:\Users\Julián\.m2\repository\org\junit\jupiter\junit-jupiter-engine\5.10.0\junit-jupiter-engine-5.10.0.jar;C:\Users\Julián\.m2\repository\org\junit\platform\junit-platform-engine\1.10.0\junit-platform-engine-1.10.0.jar;"/>
    <property name="java.vm.vendor" value="Microsoft"/>
    <property name="sun.arch.data.model" value="64"/>
    <property name="user.variant" value=""/>
    <property name="java.vendor.url" value="https://www.microsoft.com"/>
    <property name="user.timezone" value="America/Bogota"/>
    <property name="os.name" value="Windows 11"/>
    <property name="java.vm.specification.version" value="21"/>
    <property name="sun.java.launcher" value="SUN_STANDARD"/>
    <property name="user.country" value="CO"/>
    <property name="sun.boot.library.path" value="C:\Program Files\Microsoft\jdk-21.0.8.9-hotspot\bin"/>
    <property name="sun.java.command" value="C:\Users\Julián\AppData\Local\Temp\surefire462377377674319536\surefirebooter-20251001145217919_3.jar C:\Users\Julián\AppData\Local\Temp\surefire462377377674319536 2025-10-01T14-52-17_749-jvmRun1 surefire-20251001145217919_1tmp surefire_0-20251001145217919_2tmp"/>
    <property name="jdk.debug" value="release"/>
    <property name="surefire.test.class.path" value="D:\Universidad\Octavo Semestre\QA\SonnarCloud_QA\sonar-taller\target\test-classes;D:\Universidad\Octavo Semestre\QA\SonnarCloud_QA\sonar-taller\target\classes;C:\Users\Julián\.m2\repository\org\junit\jupiter\junit-jupiter\5.10.0\junit-jupiter-5.10.0.jar;C:\Users\Julián\.m2\repository\org\junit\jupiter\junit-jupiter-api\5.10.0\junit-jupiter-api-5.10.0.jar;C:\Users\Julián\.m2\repository\org\opentest4j\opentest4j\1.3.0\opentest4j-1.3.0.jar;C:\Users\Julián\.m2\repository\org\junit\platform\junit-platform-commons\1.10.0\junit-platform-commons-1.10.0.jar;C:\Users\Julián\.m2\repository\org\apiguardian\apiguardian-api\1.1.2\apiguardian-api-1.1.2.jar;C:\Users\Julián\.m2\repository\org\junit\jupiter\junit-jupiter-params\5.10.0\junit-jupiter-params-5.10.0.jar;C:\Users\Julián\.m2\repository\org\junit\jupiter\junit-jupiter-engine\5.10.0\junit-jupiter-engine-5.10.0.jar;C:\Users\Julián\.m2\repository\org\junit\platform\junit-platform-engine\1.10.0\junit-platform-engine-1.10.0.jar;"/>
    <property name="sun.cpu.endian" value="little"/>
    <property name="user.home" value="C:\Users\Julián"/>
    <property name="user.language" value="es"/>
    <property name="java.specification.vendor" value="Oracle Corporation"/>
    <property name="java.version.date" value="2025-07-15"/>
    <property name="java.home" value="C:\Program Files\Microsoft\jdk-21.0.8.9-hotspot"/>
    <property name="file.separator" value="\"/>
    <property name="basedir" value="D:\Universidad\Octavo Semestre\QA\SonnarCloud_QA\sonar-taller"/>
    <property name="java.vm.compressedOopsMode" value="Zero based"/>
    <property name="line.separator" value="&#10;"/>
    <property name="java.vm.specification.vendor" value="Oracle Corporation"/>
    <property name="java.specification.name" value="Java Platform API Specification"/>
    <property name="surefire.real.class.path" value="C:\Users\Julián\AppData\Local\Temp\surefire462377377674319536\surefirebooter-20251001145217919_3.jar"/>
    <property name="user.script" value=""/>
    <property name="sun.management.compiler" value="HotSpot 64-Bit Tiered Compilers"/>
    <property name="java.runtime.version" value="21.0.8+9-LTS"/>
    <property name="user.name" value="Julián"/>
    <property name="stdout.encoding" value="Cp1252"/>
    <property name="path.separator" value=";"/>
    <property name="os.version" value="10.0"/>
    <property name="java.runtime.name" value="OpenJDK Runtime Environment"/>
    <property name="file.encoding" value="UTF-8"/>
    <property name="java.vm.name" value="OpenJDK 64-Bit Server VM"/>
    <property name="java.vendor.version" value="Microsoft-11933218"/>
    <property name="localRepository" value="C:\Users\Julián\.m2\repository"/>
    <property name="java.vendor.url.bug" value="https://github.com/microsoft/openjdk/issues"/>
    <property name="java.io.tmpdir" value="C:\Users\JULIN~1\AppData\Local\Temp\"/>
    <property name="java.version" value="21.0.8"/>
    <property name="user.dir" value="D:\Universidad\Octavo Semestre\QA\SonnarCloud_QA\sonar-taller"/>
    <property name="os.arch" value="amd64"/>
    <property name="java.vm.specification.name" value="Java Virtual Machine Specification"/>
    <property name="sun.os.patch.level" value=""/>
    <property name="native.encoding" value="Cp1252"/>
    <property name="java.library.path" value="C:\Program Files\Microsoft\jdk-21.0.8.9-hotspot\bin;C:\WINDOWS\Sun\Java\bin;C:\WINDOWS\system32;C:\WINDOWS;C:\Program Files\Microsoft\jdk-21.0.8.9-hotspot\bin;C:\WINDOWS\system32;C:\WINDOWS;C:\WINDOWS\System32\Wbem;C:\WINDOWS\System32\WindowsPowerShell\v1.0\;C:\WINDOWS\System32\OpenSSH\;C:\Program Files (x86)\NVIDIA Corporation\PhysX\Common;C:\Program Files\Microsoft SQL Server\150\Tools\Binn\;C:\Program Files\Microsoft SQL Server\Client SDK\ODBC\170\Tools\Binn\;C:\Program Files\dotnet\;C:\WINDOWS\system32\config\systemprofile\AppData\Local\Muse Hub\lib;C:\Program Files\nodejs\;C:\Program Files\Microsoft\jdk-21.0.8.9-hotspot\bin;C:\WINDOWS\system32;C:\WINDOWS;C:\WINDOWS\System32\Wbem;C:\WINDOWS\System32\WindowsPowerShell\v1.0\;C:\WINDOWS\System32\OpenSSH\;C:\Program Files (x86)\NVIDIA Corporation\PhysX\Common;C:\Program Files\Microsoft SQL Server\150\Tools\Binn\;C:\Program Files\Microsoft SQL Server\Client SDK\ODBC\170\Tools\Binn\;C:\Program Files\dotnet\;C:\Users\Julián\AppData\Local\Muse Hub\lib;C:\Program Files\nodejs\;C:\Users\Julián\AppData\Local\Microsoft\WindowsApps;C:\Users\Julián\AppData\Local\Programs\Microsoft VS Code\bin;C:\Users\Julián\.dotnet\tools;C:\Users\Julián\AppData\Local\gitkraken\bin;C:\Users\Julián\.dotnet\tools;C:\Program Files\nodejs;C:\Users\Julián\AppData\Roaming\npm;c:\Users\Julián\.vscode\extensions\ms-python.debugpy-2025.10.0-win32-x64\bundled\scripts\noConfigScripts;c:\Users\Julián\AppData\Roaming\Code\User\globalStorage\github.copilot-chat\debugCommand;C:\Users\Julián\AppData\Local\Programs\Python\Python312&quot;;c:\Users\Julián\.vscode\extensions\ms-python.debugpy-2025.10.0-win32-x64\bundled\scripts\noConfigScripts;c:\Users\Julián\AppData\Roaming\Code\User\globalStorage\github.copilot-chat\debugCommand;."/>
    <property name="java.vm.info" value="mixed mode, sharing"/>
    <property name="stderr.encoding" value="Cp1252"/>
    <property name="java.vendor" value="Microsoft"/>
    <property name="java.vm.version" value="21.0.8+9-LTS"/>
    <property name="sun.io.unicode.encoding" value="UnicodeLittle"/>
    <property name="java.class.version" value="65.0"/>
  </properties>
  <testcase name="testAccederArray" classname="com.example.sonar.QualityIssuesExampleTest" time="0.004"/>
  <testcase name="testGenerarMensajeBienvenida" classname="com.example.sonar.QualityIssuesExampleTest" time="0.025"/>
  <testcase name="testCalculoComplejo" classname="com.example.sonar.QualityIssuesExampleTest" time="0.004"/>
  <testcase name="testProcesarTexto" classname="com.example.sonar.QualityIssuesExampleTest" time="0.033">
    <system-err><![CDATA[oct 01, 2025 2:52:19 P. M. com.example.sonar.QualityIssuesExample procesarTexto
ADVERTENCIA: Se recibió un texto nulo
]]></system-err>
  </testcase>
  <testcase name="testDivisionSegura" classname="com.example.sonar.QualityIssuesExampleTest" time="0.002">
    <system-err><![CDATA[oct 01, 2025 2:52:19 P. M. com.example.sonar.QualityIssuesExample divisionSegura
ADVERTENCIA: Intento de división por cero en 4/0
]]></system-err>
  </testcase>
  <testcase name="testProcesamientoDeDatos" classname="com.example.sonar.QualityIssuesExampleTest" time="0.037">
    <failure message="expected: &lt;3000&gt; but was: &lt;9000&gt;" type="org.opentest4j.AssertionFailedError"><![CDATA[org.opentest4j.AssertionFailedError: expected: <3000> but was: <9000>
	at org.junit.jupiter.api.AssertionFailureBuilder.build(AssertionFailureBuilder.java:151)
	at org.junit.jupiter.api.AssertionFailureBuilder.buildAndThrow(AssertionFailureBuilder.java:132)
	at org.junit.jupiter.api.AssertEquals.failNotEqual(AssertEquals.java:197)
	at org.junit.jupiter.api.AssertEquals.assertEquals(AssertEquals.java:150)
	at org.junit.jupiter.api.AssertEquals.assertEquals(AssertEquals.java:145)
	at org.junit.jupiter.api.Assertions.assertEquals(Assertions.java:527)
	at com.example.sonar.QualityIssuesExampleTest.testProcesamientoDeDatos(QualityIssuesExampleTest.java:25)
	at java.base/java.lang.reflect.Method.invoke(Method.java:580)
	at java.base/java.util.ArrayList.forEach(ArrayList.java:1596)
	at java.base/java.util.ArrayList.forEach(ArrayList.java:1596)
]]></failure>
    <system-err><![CDATA[oct 01, 2025 2:52:19 P. M. com.example.sonar.QualityIssuesExample imprimirResumen
INFORMACIÓN: Suma: 50
oct 01, 2025 2:52:19 P. M. com.example.sonar.QualityIssuesExample imprimirResumen
INFORMACIÓN: Multiplicación: 9000
oct 01, 2025 2:52:19 P. M. com.example.sonar.QualityIssuesExample imprimirResumen
INFORMACIÓN: Promedio: 8,33
oct 01, 2025 2:52:19 P. M. com.example.sonar.QualityIssuesExample imprimirResumen
INFORMACIÓN: Números pares: [2, 4]
oct 01, 2025 2:52:19 P. M. com.example.sonar.QualityIssuesExample imprimirResumen
INFORMACIÓN: Números impares: [1, 3, 15, 25]
oct 01, 2025 2:52:19 P. M. com.example.sonar.QualityIssuesExample imprimirResumen
INFORMACIÓN: Mayores a 10: [15, 25]
oct 01, 2025 2:52:19 P. M. com.example.sonar.QualityIssuesExample imprimirResumen
INFORMACIÓN: Menores a 10: [1, 2, 3, 4]
oct 01, 2025 2:52:19 P. M. com.example.sonar.QualityIssuesExample procesarLista
INFORMACIÓN: Procesando par: 2
oct 01, 2025 2:52:19 P. M. com.example.sonar.QualityIssuesExample clasificarNumero
INFORMACIÓN: par menor o igual a 10
oct 01, 2025 2:52:19 P. M. com.example.sonar.QualityIssuesExample procesarLista
INFORMACIÓN: Procesando par: 4
oct 01, 2025 2:52:19 P. M. com.example.sonar.QualityIssuesExample clasificarNumero
INFORMACIÓN: par menor o igual a 10
oct 01, 2025 2:52:19 P. M. com.example.sonar.QualityIssuesExample procesarLista
INFORMACIÓN: Procesando impar: 1
oct 01, 2025 2:52:19 P. M. com.example.sonar.QualityIssuesExample clasificarNumero
INFORMACIÓN: impar menor o igual a 10
oct 01, 2025 2:52:19 P. M. com.example.sonar.QualityIssuesExample procesarLista
INFORMACIÓN: Procesando impar: 3
oct 01, 2025 2:52:19 P. M. com.example.sonar.QualityIssuesExample clasificarNumero
INFORMACIÓN: impar menor o igual a 10
oct 01, 2025 2:52:19 P. M. com.example.sonar.QualityIssuesExample procesarLista
INFORMACIÓN: Procesando impar: 15
oct 01, 2025 2:52:19 P. M. com.example.sonar.QualityIssuesExample clasificarNumero
INFORMACIÓN: impar mayor a 10
oct 01, 2025 2:52:19 P. M. com.example.sonar.QualityIssuesExample procesarLista
INFORMACIÓN: Procesando impar: 25
oct 01, 2025 2:52:19 P. M. com.example.sonar.QualityIssuesExample clasificarNumero
INFORMACIÓN: impar mayor a 20
]]></system-err>
  </testcase>
  <testcase name="testValidarRango" classname="com.example.sonar.QualityIssuesExampleTest" time="0.004"/>
</testsuite>